CRITICAL - 2023-10-12 01:05:37 --> Undefined variable $temperatura
in APPPATH\Views\welcome_message.php on line 15.
 1 APPPATH\Views\welcome_message.php(15): CodeIgniter\Debug\Exceptions->errorHandler(2, 'Undefined variable $temperatura', 'C:\\xampp\\htdocs\\codeigniter4-framework-844616e\\app\\Views\\welcome_message.php', 15)
 2 SYSTEMPATH\View\View.php(226): include('C:\\xampp\\htdocs\\codeigniter4-framework-844616e\\app\\Views\\welcome_message.php')
 3 SYSTEMPATH\View\View.php(229): CodeIgniter\View\View->CodeIgniter\View\{closure}()
 4 SYSTEMPATH\Common.php(1188): CodeIgniter\View\View->render('welcome_message', [], true)
 5 APPPATH\Controllers\Home.php(9): view('welcome_message')
 6 SYSTEMPATH\CodeIgniter.php(919): App\Controllers\Home->index()
 7 SYSTEMPATH\CodeIgniter.php(494): CodeIgniter\CodeIgniter->runController(Object(App\Controllers\Home))
 8 SYSTEMPATH\CodeIgniter.php(353): CodeIgniter\CodeIgniter->handleRequest(null, Object(Config\Cache), false)
 9 FCPATH\index.php(79): CodeIgniter\CodeIgniter->run()
10 SYSTEMPATH\Commands\Server\rewrite.php(47): require_once('C:\\xampp\\htdocs\\codeigniter4-framework-844616e\\public\\index.php')
CRITICAL - 2023-10-12 01:06:10 --> Undefined variable $temperatura
in APPPATH\Views\welcome_message.php on line 15.
 1 APPPATH\Views\welcome_message.php(15): CodeIgniter\Debug\Exceptions->errorHandler(2, 'Undefined variable $temperatura', 'C:\\xampp\\htdocs\\codeigniter4-framework-844616e\\app\\Views\\welcome_message.php', 15)
 2 SYSTEMPATH\View\View.php(226): include('C:\\xampp\\htdocs\\codeigniter4-framework-844616e\\app\\Views\\welcome_message.php')
 3 SYSTEMPATH\View\View.php(229): CodeIgniter\View\View->CodeIgniter\View\{closure}()
 4 SYSTEMPATH\Common.php(1188): CodeIgniter\View\View->render('welcome_message', [], true)
 5 APPPATH\Controllers\Home.php(9): view('welcome_message')
 6 SYSTEMPATH\CodeIgniter.php(919): App\Controllers\Home->index()
 7 SYSTEMPATH\CodeIgniter.php(494): CodeIgniter\CodeIgniter->runController(Object(App\Controllers\Home))
 8 SYSTEMPATH\CodeIgniter.php(353): CodeIgniter\CodeIgniter->handleRequest(null, Object(Config\Cache), false)
 9 FCPATH\index.php(79): CodeIgniter\CodeIgniter->run()
10 SYSTEMPATH\Commands\Server\rewrite.php(47): require_once('C:\\xampp\\htdocs\\codeigniter4-framework-844616e\\public\\index.php')
CRITICAL - 2023-10-12 01:06:20 --> Undefined variable $temperatura
in APPPATH\Views\welcome_message.php on line 15.
 1 APPPATH\Views\welcome_message.php(15): CodeIgniter\Debug\Exceptions->errorHandler(2, 'Undefined variable $temperatura', 'C:\\xampp\\htdocs\\codeigniter4-framework-844616e\\app\\Views\\welcome_message.php', 15)
 2 SYSTEMPATH\View\View.php(226): include('C:\\xampp\\htdocs\\codeigniter4-framework-844616e\\app\\Views\\welcome_message.php')
 3 SYSTEMPATH\View\View.php(229): CodeIgniter\View\View->CodeIgniter\View\{closure}()
 4 SYSTEMPATH\Common.php(1188): CodeIgniter\View\View->render('welcome_message', [], true)
 5 APPPATH\Controllers\Home.php(9): view('welcome_message')
 6 SYSTEMPATH\CodeIgniter.php(919): App\Controllers\Home->index()
 7 SYSTEMPATH\CodeIgniter.php(494): CodeIgniter\CodeIgniter->runController(Object(App\Controllers\Home))
 8 SYSTEMPATH\CodeIgniter.php(353): CodeIgniter\CodeIgniter->handleRequest(null, Object(Config\Cache), false)
 9 FCPATH\index.php(79): CodeIgniter\CodeIgniter->run()
10 SYSTEMPATH\Commands\Server\rewrite.php(47): require_once('C:\\xampp\\htdocs\\codeigniter4-framework-844616e\\public\\index.php')
CRITICAL - 2023-10-12 01:14:43 --> Array to string conversion
in APPPATH\Views\welcome_message.php on line 15.
 1 APPPATH\Views\welcome_message.php(15): CodeIgniter\Debug\Exceptions->errorHandler(2, 'Array to string conversion', 'C:\\xampp\\htdocs\\codeigniter4-framework-844616e\\app\\Views\\welcome_message.php', 15)
 2 SYSTEMPATH\View\View.php(226): include('C:\\xampp\\htdocs\\codeigniter4-framework-844616e\\app\\Views\\welcome_message.php')
 3 SYSTEMPATH\View\View.php(229): CodeIgniter\View\View->CodeIgniter\View\{closure}()
 4 SYSTEMPATH\Common.php(1188): CodeIgniter\View\View->render('welcome_message', [], true)
 5 APPPATH\Controllers\TemperaturaController.php(16): view('welcome_message', [...])
 6 SYSTEMPATH\CodeIgniter.php(919): App\Controllers\TemperaturaController->index()
 7 SYSTEMPATH\CodeIgniter.php(494): CodeIgniter\CodeIgniter->runController(Object(App\Controllers\TemperaturaController))
 8 SYSTEMPATH\CodeIgniter.php(353): CodeIgniter\CodeIgniter->handleRequest(null, Object(Config\Cache), false)
 9 FCPATH\index.php(79): CodeIgniter\CodeIgniter->run()
10 SYSTEMPATH\Commands\Server\rewrite.php(47): require_once('C:\\xampp\\htdocs\\codeigniter4-framework-844616e\\public\\index.php')
CRITICAL - 2023-10-12 01:14:55 --> Array to string conversion
in APPPATH\Views\welcome_message.php on line 15.
 1 APPPATH\Views\welcome_message.php(15): CodeIgniter\Debug\Exceptions->errorHandler(2, 'Array to string conversion', 'C:\\xampp\\htdocs\\codeigniter4-framework-844616e\\app\\Views\\welcome_message.php', 15)
 2 SYSTEMPATH\View\View.php(226): include('C:\\xampp\\htdocs\\codeigniter4-framework-844616e\\app\\Views\\welcome_message.php')
 3 SYSTEMPATH\View\View.php(229): CodeIgniter\View\View->CodeIgniter\View\{closure}()
 4 SYSTEMPATH\Common.php(1188): CodeIgniter\View\View->render('welcome_message', [], true)
 5 APPPATH\Controllers\TemperaturaController.php(16): view('welcome_message', [...])
 6 SYSTEMPATH\CodeIgniter.php(919): App\Controllers\TemperaturaController->index()
 7 SYSTEMPATH\CodeIgniter.php(494): CodeIgniter\CodeIgniter->runController(Object(App\Controllers\TemperaturaController))
 8 SYSTEMPATH\CodeIgniter.php(353): CodeIgniter\CodeIgniter->handleRequest(null, Object(Config\Cache), false)
 9 FCPATH\index.php(79): CodeIgniter\CodeIgniter->run()
10 SYSTEMPATH\Commands\Server\rewrite.php(47): require_once('C:\\xampp\\htdocs\\codeigniter4-framework-844616e\\public\\index.php')
CRITICAL - 2023-10-12 01:15:03 --> Array to string conversion
in APPPATH\Views\welcome_message.php on line 15.
 1 APPPATH\Views\welcome_message.php(15): CodeIgniter\Debug\Exceptions->errorHandler(2, 'Array to string conversion', 'C:\\xampp\\htdocs\\codeigniter4-framework-844616e\\app\\Views\\welcome_message.php', 15)
 2 SYSTEMPATH\View\View.php(226): include('C:\\xampp\\htdocs\\codeigniter4-framework-844616e\\app\\Views\\welcome_message.php')
 3 SYSTEMPATH\View\View.php(229): CodeIgniter\View\View->CodeIgniter\View\{closure}()
 4 SYSTEMPATH\Common.php(1188): CodeIgniter\View\View->render('welcome_message', [], true)
 5 APPPATH\Controllers\TemperaturaController.php(16): view('welcome_message', [...])
 6 SYSTEMPATH\CodeIgniter.php(919): App\Controllers\TemperaturaController->index()
 7 SYSTEMPATH\CodeIgniter.php(494): CodeIgniter\CodeIgniter->runController(Object(App\Controllers\TemperaturaController))
 8 SYSTEMPATH\CodeIgniter.php(353): CodeIgniter\CodeIgniter->handleRequest(null, Object(Config\Cache), false)
 9 FCPATH\index.php(79): CodeIgniter\CodeIgniter->run()
10 SYSTEMPATH\Commands\Server\rewrite.php(47): require_once('C:\\xampp\\htdocs\\codeigniter4-framework-844616e\\public\\index.php')
CRITICAL - 2023-10-12 01:15:23 --> Array to string conversion
in APPPATH\Views\welcome_message.php on line 15.
 1 APPPATH\Views\welcome_message.php(15): CodeIgniter\Debug\Exceptions->errorHandler(2, 'Array to string conversion', 'C:\\xampp\\htdocs\\codeigniter4-framework-844616e\\app\\Views\\welcome_message.php', 15)
 2 SYSTEMPATH\View\View.php(226): include('C:\\xampp\\htdocs\\codeigniter4-framework-844616e\\app\\Views\\welcome_message.php')
 3 SYSTEMPATH\View\View.php(229): CodeIgniter\View\View->CodeIgniter\View\{closure}()
 4 SYSTEMPATH\Common.php(1188): CodeIgniter\View\View->render('welcome_message', [], true)
 5 APPPATH\Controllers\TemperaturaController.php(16): view('welcome_message', [...])
 6 SYSTEMPATH\CodeIgniter.php(919): App\Controllers\TemperaturaController->index()
 7 SYSTEMPATH\CodeIgniter.php(494): CodeIgniter\CodeIgniter->runController(Object(App\Controllers\TemperaturaController))
 8 SYSTEMPATH\CodeIgniter.php(353): CodeIgniter\CodeIgniter->handleRequest(null, Object(Config\Cache), false)
 9 FCPATH\index.php(79): CodeIgniter\CodeIgniter->run()
10 SYSTEMPATH\Commands\Server\rewrite.php(47): require_once('C:\\xampp\\htdocs\\codeigniter4-framework-844616e\\public\\index.php')
CRITICAL - 2023-10-12 01:15:31 --> Array to string conversion
in APPPATH\Views\welcome_message.php on line 15.
 1 APPPATH\Views\welcome_message.php(15): CodeIgniter\Debug\Exceptions->errorHandler(2, 'Array to string conversion', 'C:\\xampp\\htdocs\\codeigniter4-framework-844616e\\app\\Views\\welcome_message.php', 15)
 2 SYSTEMPATH\View\View.php(226): include('C:\\xampp\\htdocs\\codeigniter4-framework-844616e\\app\\Views\\welcome_message.php')
 3 SYSTEMPATH\View\View.php(229): CodeIgniter\View\View->CodeIgniter\View\{closure}()
 4 SYSTEMPATH\Common.php(1188): CodeIgniter\View\View->render('welcome_message', [], true)
 5 APPPATH\Controllers\TemperaturaController.php(16): view('welcome_message', [...])
 6 SYSTEMPATH\CodeIgniter.php(919): App\Controllers\TemperaturaController->index()
 7 SYSTEMPATH\CodeIgniter.php(494): CodeIgniter\CodeIgniter->runController(Object(App\Controllers\TemperaturaController))
 8 SYSTEMPATH\CodeIgniter.php(353): CodeIgniter\CodeIgniter->handleRequest(null, Object(Config\Cache), false)
 9 FCPATH\index.php(79): CodeIgniter\CodeIgniter->run()
10 SYSTEMPATH\Commands\Server\rewrite.php(47): require_once('C:\\xampp\\htdocs\\codeigniter4-framework-844616e\\public\\index.php')
CRITICAL - 2023-10-12 01:15:59 --> Array to string conversion
in APPPATH\Views\welcome_message.php on line 15.
 1 APPPATH\Views\welcome_message.php(15): CodeIgniter\Debug\Exceptions->errorHandler(2, 'Array to string conversion', 'C:\\xampp\\htdocs\\codeigniter4-framework-844616e\\app\\Views\\welcome_message.php', 15)
 2 SYSTEMPATH\View\View.php(226): include('C:\\xampp\\htdocs\\codeigniter4-framework-844616e\\app\\Views\\welcome_message.php')
 3 SYSTEMPATH\View\View.php(229): CodeIgniter\View\View->CodeIgniter\View\{closure}()
 4 SYSTEMPATH\Common.php(1188): CodeIgniter\View\View->render('welcome_message', [], true)
 5 APPPATH\Controllers\TemperaturaController.php(16): view('welcome_message', [...])
 6 SYSTEMPATH\CodeIgniter.php(919): App\Controllers\TemperaturaController->index()
 7 SYSTEMPATH\CodeIgniter.php(494): CodeIgniter\CodeIgniter->runController(Object(App\Controllers\TemperaturaController))
 8 SYSTEMPATH\CodeIgniter.php(353): CodeIgniter\CodeIgniter->handleRequest(null, Object(Config\Cache), false)
 9 FCPATH\index.php(79): CodeIgniter\CodeIgniter->run()
10 SYSTEMPATH\Commands\Server\rewrite.php(47): require_once('C:\\xampp\\htdocs\\codeigniter4-framework-844616e\\public\\index.php')
CRITICAL - 2023-10-12 01:16:01 --> Array to string conversion
in APPPATH\Views\welcome_message.php on line 15.
 1 APPPATH\Views\welcome_message.php(15): CodeIgniter\Debug\Exceptions->errorHandler(2, 'Array to string conversion', 'C:\\xampp\\htdocs\\codeigniter4-framework-844616e\\app\\Views\\welcome_message.php', 15)
 2 SYSTEMPATH\View\View.php(226): include('C:\\xampp\\htdocs\\codeigniter4-framework-844616e\\app\\Views\\welcome_message.php')
 3 SYSTEMPATH\View\View.php(229): CodeIgniter\View\View->CodeIgniter\View\{closure}()
 4 SYSTEMPATH\Common.php(1188): CodeIgniter\View\View->render('welcome_message', [], true)
 5 APPPATH\Controllers\TemperaturaController.php(16): view('welcome_message', [...])
 6 SYSTEMPATH\CodeIgniter.php(919): App\Controllers\TemperaturaController->index()
 7 SYSTEMPATH\CodeIgniter.php(494): CodeIgniter\CodeIgniter->runController(Object(App\Controllers\TemperaturaController))
 8 SYSTEMPATH\CodeIgniter.php(353): CodeIgniter\CodeIgniter->handleRequest(null, Object(Config\Cache), false)
 9 FCPATH\index.php(79): CodeIgniter\CodeIgniter->run()
10 SYSTEMPATH\Commands\Server\rewrite.php(47): require_once('C:\\xampp\\htdocs\\codeigniter4-framework-844616e\\public\\index.php')
CRITICAL - 2023-10-12 01:16:01 --> Array to string conversion
in APPPATH\Views\welcome_message.php on line 15.
 1 APPPATH\Views\welcome_message.php(15): CodeIgniter\Debug\Exceptions->errorHandler(2, 'Array to string conversion', 'C:\\xampp\\htdocs\\codeigniter4-framework-844616e\\app\\Views\\welcome_message.php', 15)
 2 SYSTEMPATH\View\View.php(226): include('C:\\xampp\\htdocs\\codeigniter4-framework-844616e\\app\\Views\\welcome_message.php')
 3 SYSTEMPATH\View\View.php(229): CodeIgniter\View\View->CodeIgniter\View\{closure}()
 4 SYSTEMPATH\Common.php(1188): CodeIgniter\View\View->render('welcome_message', [], true)
 5 APPPATH\Controllers\TemperaturaController.php(16): view('welcome_message', [...])
 6 SYSTEMPATH\CodeIgniter.php(919): App\Controllers\TemperaturaController->index()
 7 SYSTEMPATH\CodeIgniter.php(494): CodeIgniter\CodeIgniter->runController(Object(App\Controllers\TemperaturaController))
 8 SYSTEMPATH\CodeIgniter.php(353): CodeIgniter\CodeIgniter->handleRequest(null, Object(Config\Cache), false)
 9 FCPATH\index.php(79): CodeIgniter\CodeIgniter->run()
10 SYSTEMPATH\Commands\Server\rewrite.php(47): require_once('C:\\xampp\\htdocs\\codeigniter4-framework-844616e\\public\\index.php')
CRITICAL - 2023-10-12 01:16:58 --> Array to string conversion
in APPPATH\Views\temperatura_view.php on line 15.
 1 APPPATH\Views\temperatura_view.php(15): CodeIgniter\Debug\Exceptions->errorHandler(2, 'Array to string conversion', 'C:\\xampp\\htdocs\\codeigniter4-framework-844616e\\app\\Views\\temperatura_view.php', 15)
 2 SYSTEMPATH\View\View.php(226): include('C:\\xampp\\htdocs\\codeigniter4-framework-844616e\\app\\Views\\temperatura_view.php')
 3 SYSTEMPATH\View\View.php(229): CodeIgniter\View\View->CodeIgniter\View\{closure}()
 4 SYSTEMPATH\Common.php(1188): CodeIgniter\View\View->render('temperatura_view', [], true)
 5 APPPATH\Controllers\TemperaturaController.php(16): view('temperatura_view', [...])
 6 SYSTEMPATH\CodeIgniter.php(919): App\Controllers\TemperaturaController->index()
 7 SYSTEMPATH\CodeIgniter.php(494): CodeIgniter\CodeIgniter->runController(Object(App\Controllers\TemperaturaController))
 8 SYSTEMPATH\CodeIgniter.php(353): CodeIgniter\CodeIgniter->handleRequest(null, Object(Config\Cache), false)
 9 FCPATH\index.php(79): CodeIgniter\CodeIgniter->run()
10 SYSTEMPATH\Commands\Server\rewrite.php(47): require_once('C:\\xampp\\htdocs\\codeigniter4-framework-844616e\\public\\index.php')
CRITICAL - 2023-10-12 01:17:02 --> Array to string conversion
in APPPATH\Views\temperatura_view.php on line 15.
 1 APPPATH\Views\temperatura_view.php(15): CodeIgniter\Debug\Exceptions->errorHandler(2, 'Array to string conversion', 'C:\\xampp\\htdocs\\codeigniter4-framework-844616e\\app\\Views\\temperatura_view.php', 15)
 2 SYSTEMPATH\View\View.php(226): include('C:\\xampp\\htdocs\\codeigniter4-framework-844616e\\app\\Views\\temperatura_view.php')
 3 SYSTEMPATH\View\View.php(229): CodeIgniter\View\View->CodeIgniter\View\{closure}()
 4 SYSTEMPATH\Common.php(1188): CodeIgniter\View\View->render('temperatura_view', [], true)
 5 APPPATH\Controllers\TemperaturaController.php(16): view('temperatura_view', [...])
 6 SYSTEMPATH\CodeIgniter.php(919): App\Controllers\TemperaturaController->index()
 7 SYSTEMPATH\CodeIgniter.php(494): CodeIgniter\CodeIgniter->runController(Object(App\Controllers\TemperaturaController))
 8 SYSTEMPATH\CodeIgniter.php(353): CodeIgniter\CodeIgniter->handleRequest(null, Object(Config\Cache), false)
 9 FCPATH\index.php(79): CodeIgniter\CodeIgniter->run()
10 SYSTEMPATH\Commands\Server\rewrite.php(47): require_once('C:\\xampp\\htdocs\\codeigniter4-framework-844616e\\public\\index.php')
CRITICAL - 2023-10-12 01:17:26 --> Undefined variable $datos
in APPPATH\Views\temperatura_view.php on line 15.
 1 APPPATH\Views\temperatura_view.php(15): CodeIgniter\Debug\Exceptions->errorHandler(2, 'Undefined variable $datos', 'C:\\xampp\\htdocs\\codeigniter4-framework-844616e\\app\\Views\\temperatura_view.php', 15)
 2 SYSTEMPATH\View\View.php(226): include('C:\\xampp\\htdocs\\codeigniter4-framework-844616e\\app\\Views\\temperatura_view.php')
 3 SYSTEMPATH\View\View.php(229): CodeIgniter\View\View->CodeIgniter\View\{closure}()
 4 SYSTEMPATH\Common.php(1188): CodeIgniter\View\View->render('temperatura_view', [], true)
 5 APPPATH\Controllers\TemperaturaController.php(16): view('temperatura_view', [...])
 6 SYSTEMPATH\CodeIgniter.php(919): App\Controllers\TemperaturaController->index()
 7 SYSTEMPATH\CodeIgniter.php(494): CodeIgniter\CodeIgniter->runController(Object(App\Controllers\TemperaturaController))
 8 SYSTEMPATH\CodeIgniter.php(353): CodeIgniter\CodeIgniter->handleRequest(null, Object(Config\Cache), false)
 9 FCPATH\index.php(79): CodeIgniter\CodeIgniter->run()
10 SYSTEMPATH\Commands\Server\rewrite.php(47): require_once('C:\\xampp\\htdocs\\codeigniter4-framework-844616e\\public\\index.php')
CRITICAL - 2023-10-12 01:18:20 --> Undefined variable $temperatura
in APPPATH\Views\temperatura_view.php on line 15.
 1 APPPATH\Views\temperatura_view.php(15): CodeIgniter\Debug\Exceptions->errorHandler(2, 'Undefined variable $temperatura', 'C:\\xampp\\htdocs\\codeigniter4-framework-844616e\\app\\Views\\temperatura_view.php', 15)
 2 SYSTEMPATH\View\View.php(226): include('C:\\xampp\\htdocs\\codeigniter4-framework-844616e\\app\\Views\\temperatura_view.php')
 3 SYSTEMPATH\View\View.php(229): CodeIgniter\View\View->CodeIgniter\View\{closure}()
 4 SYSTEMPATH\Common.php(1188): CodeIgniter\View\View->render('temperatura_view', [], true)
 5 APPPATH\Controllers\TemperaturaController.php(16): view('temperatura_view', [...])
 6 SYSTEMPATH\CodeIgniter.php(919): App\Controllers\TemperaturaController->index()
 7 SYSTEMPATH\CodeIgniter.php(494): CodeIgniter\CodeIgniter->runController(Object(App\Controllers\TemperaturaController))
 8 SYSTEMPATH\CodeIgniter.php(353): CodeIgniter\CodeIgniter->handleRequest(null, Object(Config\Cache), false)
 9 FCPATH\index.php(79): CodeIgniter\CodeIgniter->run()
10 SYSTEMPATH\Commands\Server\rewrite.php(47): require_once('C:\\xampp\\htdocs\\codeigniter4-framework-844616e\\public\\index.php')
CRITICAL - 2023-10-12 01:18:23 --> Undefined variable $temperatura
in APPPATH\Views\temperatura_view.php on line 15.
 1 APPPATH\Views\temperatura_view.php(15): CodeIgniter\Debug\Exceptions->errorHandler(2, 'Undefined variable $temperatura', 'C:\\xampp\\htdocs\\codeigniter4-framework-844616e\\app\\Views\\temperatura_view.php', 15)
 2 SYSTEMPATH\View\View.php(226): include('C:\\xampp\\htdocs\\codeigniter4-framework-844616e\\app\\Views\\temperatura_view.php')
 3 SYSTEMPATH\View\View.php(229): CodeIgniter\View\View->CodeIgniter\View\{closure}()
 4 SYSTEMPATH\Common.php(1188): CodeIgniter\View\View->render('temperatura_view', [], true)
 5 APPPATH\Controllers\TemperaturaController.php(16): view('temperatura_view', [...])
 6 SYSTEMPATH\CodeIgniter.php(919): App\Controllers\TemperaturaController->index()
 7 SYSTEMPATH\CodeIgniter.php(494): CodeIgniter\CodeIgniter->runController(Object(App\Controllers\TemperaturaController))
 8 SYSTEMPATH\CodeIgniter.php(353): CodeIgniter\CodeIgniter->handleRequest(null, Object(Config\Cache), false)
 9 FCPATH\index.php(79): CodeIgniter\CodeIgniter->run()
10 SYSTEMPATH\Commands\Server\rewrite.php(47): require_once('C:\\xampp\\htdocs\\codeigniter4-framework-844616e\\public\\index.php')
CRITICAL - 2023-10-12 01:18:24 --> Undefined variable $temperatura
in APPPATH\Views\temperatura_view.php on line 15.
 1 APPPATH\Views\temperatura_view.php(15): CodeIgniter\Debug\Exceptions->errorHandler(2, 'Undefined variable $temperatura', 'C:\\xampp\\htdocs\\codeigniter4-framework-844616e\\app\\Views\\temperatura_view.php', 15)
 2 SYSTEMPATH\View\View.php(226): include('C:\\xampp\\htdocs\\codeigniter4-framework-844616e\\app\\Views\\temperatura_view.php')
 3 SYSTEMPATH\View\View.php(229): CodeIgniter\View\View->CodeIgniter\View\{closure}()
 4 SYSTEMPATH\Common.php(1188): CodeIgniter\View\View->render('temperatura_view', [], true)
 5 APPPATH\Controllers\TemperaturaController.php(16): view('temperatura_view', [...])
 6 SYSTEMPATH\CodeIgniter.php(919): App\Controllers\TemperaturaController->index()
 7 SYSTEMPATH\CodeIgniter.php(494): CodeIgniter\CodeIgniter->runController(Object(App\Controllers\TemperaturaController))
 8 SYSTEMPATH\CodeIgniter.php(353): CodeIgniter\CodeIgniter->handleRequest(null, Object(Config\Cache), false)
 9 FCPATH\index.php(79): CodeIgniter\CodeIgniter->run()
10 SYSTEMPATH\Commands\Server\rewrite.php(47): require_once('C:\\xampp\\htdocs\\codeigniter4-framework-844616e\\public\\index.php')
CRITICAL - 2023-10-12 01:18:25 --> Undefined variable $temperatura
in APPPATH\Views\temperatura_view.php on line 15.
 1 APPPATH\Views\temperatura_view.php(15): CodeIgniter\Debug\Exceptions->errorHandler(2, 'Undefined variable $temperatura', 'C:\\xampp\\htdocs\\codeigniter4-framework-844616e\\app\\Views\\temperatura_view.php', 15)
 2 SYSTEMPATH\View\View.php(226): include('C:\\xampp\\htdocs\\codeigniter4-framework-844616e\\app\\Views\\temperatura_view.php')
 3 SYSTEMPATH\View\View.php(229): CodeIgniter\View\View->CodeIgniter\View\{closure}()
 4 SYSTEMPATH\Common.php(1188): CodeIgniter\View\View->render('temperatura_view', [], true)
 5 APPPATH\Controllers\TemperaturaController.php(16): view('temperatura_view', [...])
 6 SYSTEMPATH\CodeIgniter.php(919): App\Controllers\TemperaturaController->index()
 7 SYSTEMPATH\CodeIgniter.php(494): CodeIgniter\CodeIgniter->runController(Object(App\Controllers\TemperaturaController))
 8 SYSTEMPATH\CodeIgniter.php(353): CodeIgniter\CodeIgniter->handleRequest(null, Object(Config\Cache), false)
 9 FCPATH\index.php(79): CodeIgniter\CodeIgniter->run()
10 SYSTEMPATH\Commands\Server\rewrite.php(47): require_once('C:\\xampp\\htdocs\\codeigniter4-framework-844616e\\public\\index.php')
CRITICAL - 2023-10-12 01:18:25 --> Undefined variable $temperatura
in APPPATH\Views\temperatura_view.php on line 15.
 1 APPPATH\Views\temperatura_view.php(15): CodeIgniter\Debug\Exceptions->errorHandler(2, 'Undefined variable $temperatura', 'C:\\xampp\\htdocs\\codeigniter4-framework-844616e\\app\\Views\\temperatura_view.php', 15)
 2 SYSTEMPATH\View\View.php(226): include('C:\\xampp\\htdocs\\codeigniter4-framework-844616e\\app\\Views\\temperatura_view.php')
 3 SYSTEMPATH\View\View.php(229): CodeIgniter\View\View->CodeIgniter\View\{closure}()
 4 SYSTEMPATH\Common.php(1188): CodeIgniter\View\View->render('temperatura_view', [], true)
 5 APPPATH\Controllers\TemperaturaController.php(16): view('temperatura_view', [...])
 6 SYSTEMPATH\CodeIgniter.php(919): App\Controllers\TemperaturaController->index()
 7 SYSTEMPATH\CodeIgniter.php(494): CodeIgniter\CodeIgniter->runController(Object(App\Controllers\TemperaturaController))
 8 SYSTEMPATH\CodeIgniter.php(353): CodeIgniter\CodeIgniter->handleRequest(null, Object(Config\Cache), false)
 9 FCPATH\index.php(79): CodeIgniter\CodeIgniter->run()
10 SYSTEMPATH\Commands\Server\rewrite.php(47): require_once('C:\\xampp\\htdocs\\codeigniter4-framework-844616e\\public\\index.php')
CRITICAL - 2023-10-12 01:18:38 --> Undefined variable $temperatura
in APPPATH\Views\temperatura_view.php on line 15.
 1 APPPATH\Views\temperatura_view.php(15): CodeIgniter\Debug\Exceptions->errorHandler(2, 'Undefined variable $temperatura', 'C:\\xampp\\htdocs\\codeigniter4-framework-844616e\\app\\Views\\temperatura_view.php', 15)
 2 SYSTEMPATH\View\View.php(226): include('C:\\xampp\\htdocs\\codeigniter4-framework-844616e\\app\\Views\\temperatura_view.php')
 3 SYSTEMPATH\View\View.php(229): CodeIgniter\View\View->CodeIgniter\View\{closure}()
 4 SYSTEMPATH\Common.php(1188): CodeIgniter\View\View->render('temperatura_view', [], true)
 5 APPPATH\Controllers\TemperaturaController.php(16): view('temperatura_view', [...])
 6 SYSTEMPATH\CodeIgniter.php(919): App\Controllers\TemperaturaController->index()
 7 SYSTEMPATH\CodeIgniter.php(494): CodeIgniter\CodeIgniter->runController(Object(App\Controllers\TemperaturaController))
 8 SYSTEMPATH\CodeIgniter.php(353): CodeIgniter\CodeIgniter->handleRequest(null, Object(Config\Cache), false)
 9 FCPATH\index.php(79): CodeIgniter\CodeIgniter->run()
10 SYSTEMPATH\Commands\Server\rewrite.php(47): require_once('C:\\xampp\\htdocs\\codeigniter4-framework-844616e\\public\\index.php')
CRITICAL - 2023-10-12 01:20:25 --> Array to string conversion
in APPPATH\Views\temperatura_view.php on line 15.
 1 APPPATH\Views\temperatura_view.php(15): CodeIgniter\Debug\Exceptions->errorHandler(2, 'Array to string conversion', 'C:\\xampp\\htdocs\\codeigniter4-framework-844616e\\app\\Views\\temperatura_view.php', 15)
 2 SYSTEMPATH\View\View.php(226): include('C:\\xampp\\htdocs\\codeigniter4-framework-844616e\\app\\Views\\temperatura_view.php')
 3 SYSTEMPATH\View\View.php(229): CodeIgniter\View\View->CodeIgniter\View\{closure}()
 4 SYSTEMPATH\Common.php(1188): CodeIgniter\View\View->render('temperatura_view', [], true)
 5 APPPATH\Controllers\TemperaturaController.php(16): view('temperatura_view', [...])
 6 SYSTEMPATH\CodeIgniter.php(919): App\Controllers\TemperaturaController->index()
 7 SYSTEMPATH\CodeIgniter.php(494): CodeIgniter\CodeIgniter->runController(Object(App\Controllers\TemperaturaController))
 8 SYSTEMPATH\CodeIgniter.php(353): CodeIgniter\CodeIgniter->handleRequest(null, Object(Config\Cache), false)
 9 FCPATH\index.php(79): CodeIgniter\CodeIgniter->run()
10 SYSTEMPATH\Commands\Server\rewrite.php(47): require_once('C:\\xampp\\htdocs\\codeigniter4-framework-844616e\\public\\index.php')
CRITICAL - 2023-10-12 01:21:57 --> Array to string conversion
in APPPATH\Views\temperatura_view.php on line 15.
 1 APPPATH\Views\temperatura_view.php(15): CodeIgniter\Debug\Exceptions->errorHandler(2, 'Array to string conversion', 'C:\\xampp\\htdocs\\codeigniter4-framework-844616e\\app\\Views\\temperatura_view.php', 15)
 2 SYSTEMPATH\View\View.php(226): include('C:\\xampp\\htdocs\\codeigniter4-framework-844616e\\app\\Views\\temperatura_view.php')
 3 SYSTEMPATH\View\View.php(229): CodeIgniter\View\View->CodeIgniter\View\{closure}()
 4 SYSTEMPATH\Common.php(1188): CodeIgniter\View\View->render('temperatura_view', [], true)
 5 APPPATH\Controllers\TemperaturaController.php(16): view('temperatura_view', [...])
 6 SYSTEMPATH\CodeIgniter.php(919): App\Controllers\TemperaturaController->index()
 7 SYSTEMPATH\CodeIgniter.php(494): CodeIgniter\CodeIgniter->runController(Object(App\Controllers\TemperaturaController))
 8 SYSTEMPATH\CodeIgniter.php(353): CodeIgniter\CodeIgniter->handleRequest(null, Object(Config\Cache), false)
 9 FCPATH\index.php(79): CodeIgniter\CodeIgniter->run()
10 SYSTEMPATH\Commands\Server\rewrite.php(47): require_once('C:\\xampp\\htdocs\\codeigniter4-framework-844616e\\public\\index.php')
CRITICAL - 2023-10-12 01:21:58 --> Array to string conversion
in APPPATH\Views\temperatura_view.php on line 15.
 1 APPPATH\Views\temperatura_view.php(15): CodeIgniter\Debug\Exceptions->errorHandler(2, 'Array to string conversion', 'C:\\xampp\\htdocs\\codeigniter4-framework-844616e\\app\\Views\\temperatura_view.php', 15)
 2 SYSTEMPATH\View\View.php(226): include('C:\\xampp\\htdocs\\codeigniter4-framework-844616e\\app\\Views\\temperatura_view.php')
 3 SYSTEMPATH\View\View.php(229): CodeIgniter\View\View->CodeIgniter\View\{closure}()
 4 SYSTEMPATH\Common.php(1188): CodeIgniter\View\View->render('temperatura_view', [], true)
 5 APPPATH\Controllers\TemperaturaController.php(16): view('temperatura_view', [...])
 6 SYSTEMPATH\CodeIgniter.php(919): App\Controllers\TemperaturaController->index()
 7 SYSTEMPATH\CodeIgniter.php(494): CodeIgniter\CodeIgniter->runController(Object(App\Controllers\TemperaturaController))
 8 SYSTEMPATH\CodeIgniter.php(353): CodeIgniter\CodeIgniter->handleRequest(null, Object(Config\Cache), false)
 9 FCPATH\index.php(79): CodeIgniter\CodeIgniter->run()
10 SYSTEMPATH\Commands\Server\rewrite.php(47): require_once('C:\\xampp\\htdocs\\codeigniter4-framework-844616e\\public\\index.php')
CRITICAL - 2023-10-12 01:22:11 --> Array to string conversion
in APPPATH\Views\temperatura_view.php on line 15.
 1 APPPATH\Views\temperatura_view.php(15): CodeIgniter\Debug\Exceptions->errorHandler(2, 'Array to string conversion', 'C:\\xampp\\htdocs\\codeigniter4-framework-844616e\\app\\Views\\temperatura_view.php', 15)
 2 SYSTEMPATH\View\View.php(226): include('C:\\xampp\\htdocs\\codeigniter4-framework-844616e\\app\\Views\\temperatura_view.php')
 3 SYSTEMPATH\View\View.php(229): CodeIgniter\View\View->CodeIgniter\View\{closure}()
 4 SYSTEMPATH\Common.php(1188): CodeIgniter\View\View->render('temperatura_view', [], true)
 5 APPPATH\Controllers\TemperaturaController.php(16): view('temperatura_view', [...])
 6 SYSTEMPATH\CodeIgniter.php(919): App\Controllers\TemperaturaController->index()
 7 SYSTEMPATH\CodeIgniter.php(494): CodeIgniter\CodeIgniter->runController(Object(App\Controllers\TemperaturaController))
 8 SYSTEMPATH\CodeIgniter.php(353): CodeIgniter\CodeIgniter->handleRequest(null, Object(Config\Cache), false)
 9 FCPATH\index.php(79): CodeIgniter\CodeIgniter->run()
10 SYSTEMPATH\Commands\Server\rewrite.php(47): require_once('C:\\xampp\\htdocs\\codeigniter4-framework-844616e\\public\\index.php')
CRITICAL - 2023-10-12 01:22:55 --> syntax error, unexpected token "<", expecting end of file
in APPPATH\Views\temperatura_view.php on line 4.
 1 SYSTEMPATH\View\View.php(229): CodeIgniter\View\View->CodeIgniter\View\{closure}()
 2 SYSTEMPATH\Common.php(1188): CodeIgniter\View\View->render('temperatura_view', [], true)
 3 APPPATH\Controllers\TemperaturaController.php(16): view('temperatura_view', [...])
 4 SYSTEMPATH\CodeIgniter.php(919): App\Controllers\TemperaturaController->index()
 5 SYSTEMPATH\CodeIgniter.php(494): CodeIgniter\CodeIgniter->runController(Object(App\Controllers\TemperaturaController))
 6 SYSTEMPATH\CodeIgniter.php(353): CodeIgniter\CodeIgniter->handleRequest(null, Object(Config\Cache), false)
 7 FCPATH\index.php(79): CodeIgniter\CodeIgniter->run()
 8 SYSTEMPATH\Commands\Server\rewrite.php(47): require_once('C:\\xampp\\htdocs\\codeigniter4-framework-844616e\\public\\index.php')
CRITICAL - 2023-10-12 01:33:17 --> Array to string conversion
in APPPATH\Views\temperatura_view.php on line 18.
 1 APPPATH\Views\temperatura_view.php(18): CodeIgniter\Debug\Exceptions->errorHandler(2, 'Array to string conversion', 'C:\\xampp\\htdocs\\codeigniter4-framework-844616e\\app\\Views\\temperatura_view.php', 18)
 2 SYSTEMPATH\View\View.php(226): include('C:\\xampp\\htdocs\\codeigniter4-framework-844616e\\app\\Views\\temperatura_view.php')
 3 SYSTEMPATH\View\View.php(229): CodeIgniter\View\View->CodeIgniter\View\{closure}()
 4 SYSTEMPATH\Common.php(1188): CodeIgniter\View\View->render('temperatura_view', [], true)
 5 APPPATH\Controllers\TemperaturaController.php(16): view('temperatura_view', [...])
 6 SYSTEMPATH\CodeIgniter.php(919): App\Controllers\TemperaturaController->index()
 7 SYSTEMPATH\CodeIgniter.php(494): CodeIgniter\CodeIgniter->runController(Object(App\Controllers\TemperaturaController))
 8 SYSTEMPATH\CodeIgniter.php(353): CodeIgniter\CodeIgniter->handleRequest(null, Object(Config\Cache), false)
 9 FCPATH\index.php(79): CodeIgniter\CodeIgniter->run()
10 SYSTEMPATH\Commands\Server\rewrite.php(47): require_once('C:\\xampp\\htdocs\\codeigniter4-framework-844616e\\public\\index.php')
CRITICAL - 2023-10-12 01:33:17 --> Array to string conversion
in APPPATH\Views\temperatura_view.php on line 18.
 1 APPPATH\Views\temperatura_view.php(18): CodeIgniter\Debug\Exceptions->errorHandler(2, 'Array to string conversion', 'C:\\xampp\\htdocs\\codeigniter4-framework-844616e\\app\\Views\\temperatura_view.php', 18)
 2 SYSTEMPATH\View\View.php(226): include('C:\\xampp\\htdocs\\codeigniter4-framework-844616e\\app\\Views\\temperatura_view.php')
 3 SYSTEMPATH\View\View.php(229): CodeIgniter\View\View->CodeIgniter\View\{closure}()
 4 SYSTEMPATH\Common.php(1188): CodeIgniter\View\View->render('temperatura_view', [], true)
 5 APPPATH\Controllers\TemperaturaController.php(16): view('temperatura_view', [...])
 6 SYSTEMPATH\CodeIgniter.php(919): App\Controllers\TemperaturaController->index()
 7 SYSTEMPATH\CodeIgniter.php(494): CodeIgniter\CodeIgniter->runController(Object(App\Controllers\TemperaturaController))
 8 SYSTEMPATH\CodeIgniter.php(353): CodeIgniter\CodeIgniter->handleRequest(null, Object(Config\Cache), false)
 9 FCPATH\index.php(79): CodeIgniter\CodeIgniter->run()
10 SYSTEMPATH\Commands\Server\rewrite.php(47): require_once('C:\\xampp\\htdocs\\codeigniter4-framework-844616e\\public\\index.php')
CRITICAL - 2023-10-12 01:33:21 --> Array to string conversion
in APPPATH\Views\temperatura_view.php on line 18.
 1 APPPATH\Views\temperatura_view.php(18): CodeIgniter\Debug\Exceptions->errorHandler(2, 'Array to string conversion', 'C:\\xampp\\htdocs\\codeigniter4-framework-844616e\\app\\Views\\temperatura_view.php', 18)
 2 SYSTEMPATH\View\View.php(226): include('C:\\xampp\\htdocs\\codeigniter4-framework-844616e\\app\\Views\\temperatura_view.php')
 3 SYSTEMPATH\View\View.php(229): CodeIgniter\View\View->CodeIgniter\View\{closure}()
 4 SYSTEMPATH\Common.php(1188): CodeIgniter\View\View->render('temperatura_view', [], true)
 5 APPPATH\Controllers\TemperaturaController.php(16): view('temperatura_view', [...])
 6 SYSTEMPATH\CodeIgniter.php(919): App\Controllers\TemperaturaController->index()
 7 SYSTEMPATH\CodeIgniter.php(494): CodeIgniter\CodeIgniter->runController(Object(App\Controllers\TemperaturaController))
 8 SYSTEMPATH\CodeIgniter.php(353): CodeIgniter\CodeIgniter->handleRequest(null, Object(Config\Cache), false)
 9 FCPATH\index.php(79): CodeIgniter\CodeIgniter->run()
10 SYSTEMPATH\Commands\Server\rewrite.php(47): require_once('C:\\xampp\\htdocs\\codeigniter4-framework-844616e\\public\\index.php')
CRITICAL - 2023-10-12 01:33:36 --> Array to string conversion
in APPPATH\Views\temperatura_view.php on line 18.
 1 APPPATH\Views\temperatura_view.php(18): CodeIgniter\Debug\Exceptions->errorHandler(2, 'Array to string conversion', 'C:\\xampp\\htdocs\\codeigniter4-framework-844616e\\app\\Views\\temperatura_view.php', 18)
 2 SYSTEMPATH\View\View.php(226): include('C:\\xampp\\htdocs\\codeigniter4-framework-844616e\\app\\Views\\temperatura_view.php')
 3 SYSTEMPATH\View\View.php(229): CodeIgniter\View\View->CodeIgniter\View\{closure}()
 4 SYSTEMPATH\Common.php(1188): CodeIgniter\View\View->render('temperatura_view', [], true)
 5 APPPATH\Controllers\TemperaturaController.php(16): view('temperatura_view', [...])
 6 SYSTEMPATH\CodeIgniter.php(919): App\Controllers\TemperaturaController->index()
 7 SYSTEMPATH\CodeIgniter.php(494): CodeIgniter\CodeIgniter->runController(Object(App\Controllers\TemperaturaController))
 8 SYSTEMPATH\CodeIgniter.php(353): CodeIgniter\CodeIgniter->handleRequest(null, Object(Config\Cache), false)
 9 FCPATH\index.php(79): CodeIgniter\CodeIgniter->run()
CRITICAL - 2023-10-12 01:34:22 --> Array to string conversion
in APPPATH\Views\temperatura_view.php on line 18.
 1 APPPATH\Views\temperatura_view.php(18): CodeIgniter\Debug\Exceptions->errorHandler(2, 'Array to string conversion', 'C:\\xampp\\htdocs\\codeigniter4-framework-844616e\\app\\Views\\temperatura_view.php', 18)
 2 SYSTEMPATH\View\View.php(226): include('C:\\xampp\\htdocs\\codeigniter4-framework-844616e\\app\\Views\\temperatura_view.php')
 3 SYSTEMPATH\View\View.php(229): CodeIgniter\View\View->CodeIgniter\View\{closure}()
 4 SYSTEMPATH\Common.php(1188): CodeIgniter\View\View->render('temperatura_view', [], true)
 5 APPPATH\Controllers\TemperaturaController.php(16): view('temperatura_view', [...])
 6 SYSTEMPATH\CodeIgniter.php(919): App\Controllers\TemperaturaController->index()
 7 SYSTEMPATH\CodeIgniter.php(494): CodeIgniter\CodeIgniter->runController(Object(App\Controllers\TemperaturaController))
 8 SYSTEMPATH\CodeIgniter.php(353): CodeIgniter\CodeIgniter->handleRequest(null, Object(Config\Cache), false)
 9 FCPATH\index.php(79): CodeIgniter\CodeIgniter->run()
CRITICAL - 2023-10-12 01:34:29 --> Array to string conversion
in APPPATH\Views\temperatura_view.php on line 18.
 1 APPPATH\Views\temperatura_view.php(18): CodeIgniter\Debug\Exceptions->errorHandler(2, 'Array to string conversion', 'C:\\xampp\\htdocs\\codeigniter4-framework-844616e\\app\\Views\\temperatura_view.php', 18)
 2 SYSTEMPATH\View\View.php(226): include('C:\\xampp\\htdocs\\codeigniter4-framework-844616e\\app\\Views\\temperatura_view.php')
 3 SYSTEMPATH\View\View.php(229): CodeIgniter\View\View->CodeIgniter\View\{closure}()
 4 SYSTEMPATH\Common.php(1188): CodeIgniter\View\View->render('temperatura_view', [], true)
 5 APPPATH\Controllers\TemperaturaController.php(16): view('temperatura_view', [...])
 6 SYSTEMPATH\CodeIgniter.php(919): App\Controllers\TemperaturaController->index()
 7 SYSTEMPATH\CodeIgniter.php(494): CodeIgniter\CodeIgniter->runController(Object(App\Controllers\TemperaturaController))
 8 SYSTEMPATH\CodeIgniter.php(353): CodeIgniter\CodeIgniter->handleRequest(null, Object(Config\Cache), false)
 9 FCPATH\index.php(79): CodeIgniter\CodeIgniter->run()
CRITICAL - 2023-10-12 01:34:34 --> Array to string conversion
in APPPATH\Views\temperatura_view.php on line 18.
 1 APPPATH\Views\temperatura_view.php(18): CodeIgniter\Debug\Exceptions->errorHandler(2, 'Array to string conversion', 'C:\\xampp\\htdocs\\codeigniter4-framework-844616e\\app\\Views\\temperatura_view.php', 18)
 2 SYSTEMPATH\View\View.php(226): include('C:\\xampp\\htdocs\\codeigniter4-framework-844616e\\app\\Views\\temperatura_view.php')
 3 SYSTEMPATH\View\View.php(229): CodeIgniter\View\View->CodeIgniter\View\{closure}()
 4 SYSTEMPATH\Common.php(1188): CodeIgniter\View\View->render('temperatura_view', [], true)
 5 APPPATH\Controllers\TemperaturaController.php(16): view('temperatura_view', [...])
 6 SYSTEMPATH\CodeIgniter.php(919): App\Controllers\TemperaturaController->index()
 7 SYSTEMPATH\CodeIgniter.php(494): CodeIgniter\CodeIgniter->runController(Object(App\Controllers\TemperaturaController))
 8 SYSTEMPATH\CodeIgniter.php(353): CodeIgniter\CodeIgniter->handleRequest(null, Object(Config\Cache), false)
 9 FCPATH\index.php(79): CodeIgniter\CodeIgniter->run()
CRITICAL - 2023-10-12 01:34:35 --> Array to string conversion
in APPPATH\Views\temperatura_view.php on line 18.
 1 APPPATH\Views\temperatura_view.php(18): CodeIgniter\Debug\Exceptions->errorHandler(2, 'Array to string conversion', 'C:\\xampp\\htdocs\\codeigniter4-framework-844616e\\app\\Views\\temperatura_view.php', 18)
 2 SYSTEMPATH\View\View.php(226): include('C:\\xampp\\htdocs\\codeigniter4-framework-844616e\\app\\Views\\temperatura_view.php')
 3 SYSTEMPATH\View\View.php(229): CodeIgniter\View\View->CodeIgniter\View\{closure}()
 4 SYSTEMPATH\Common.php(1188): CodeIgniter\View\View->render('temperatura_view', [], true)
 5 APPPATH\Controllers\TemperaturaController.php(16): view('temperatura_view', [...])
 6 SYSTEMPATH\CodeIgniter.php(919): App\Controllers\TemperaturaController->index()
 7 SYSTEMPATH\CodeIgniter.php(494): CodeIgniter\CodeIgniter->runController(Object(App\Controllers\TemperaturaController))
 8 SYSTEMPATH\CodeIgniter.php(353): CodeIgniter\CodeIgniter->handleRequest(null, Object(Config\Cache), false)
 9 FCPATH\index.php(79): CodeIgniter\CodeIgniter->run()
CRITICAL - 2023-10-12 01:34:35 --> Array to string conversion
in APPPATH\Views\temperatura_view.php on line 18.
 1 APPPATH\Views\temperatura_view.php(18): CodeIgniter\Debug\Exceptions->errorHandler(2, 'Array to string conversion', 'C:\\xampp\\htdocs\\codeigniter4-framework-844616e\\app\\Views\\temperatura_view.php', 18)
 2 SYSTEMPATH\View\View.php(226): include('C:\\xampp\\htdocs\\codeigniter4-framework-844616e\\app\\Views\\temperatura_view.php')
 3 SYSTEMPATH\View\View.php(229): CodeIgniter\View\View->CodeIgniter\View\{closure}()
 4 SYSTEMPATH\Common.php(1188): CodeIgniter\View\View->render('temperatura_view', [], true)
 5 APPPATH\Controllers\TemperaturaController.php(16): view('temperatura_view', [...])
 6 SYSTEMPATH\CodeIgniter.php(919): App\Controllers\TemperaturaController->index()
 7 SYSTEMPATH\CodeIgniter.php(494): CodeIgniter\CodeIgniter->runController(Object(App\Controllers\TemperaturaController))
 8 SYSTEMPATH\CodeIgniter.php(353): CodeIgniter\CodeIgniter->handleRequest(null, Object(Config\Cache), false)
 9 FCPATH\index.php(79): CodeIgniter\CodeIgniter->run()
CRITICAL - 2023-10-12 01:34:38 --> Array to string conversion
in APPPATH\Views\temperatura_view.php on line 18.
 1 APPPATH\Views\temperatura_view.php(18): CodeIgniter\Debug\Exceptions->errorHandler(2, 'Array to string conversion', 'C:\\xampp\\htdocs\\codeigniter4-framework-844616e\\app\\Views\\temperatura_view.php', 18)
 2 SYSTEMPATH\View\View.php(226): include('C:\\xampp\\htdocs\\codeigniter4-framework-844616e\\app\\Views\\temperatura_view.php')
 3 SYSTEMPATH\View\View.php(229): CodeIgniter\View\View->CodeIgniter\View\{closure}()
 4 SYSTEMPATH\Common.php(1188): CodeIgniter\View\View->render('temperatura_view', [], true)
 5 APPPATH\Controllers\TemperaturaController.php(16): view('temperatura_view', [...])
 6 SYSTEMPATH\CodeIgniter.php(919): App\Controllers\TemperaturaController->index()
 7 SYSTEMPATH\CodeIgniter.php(494): CodeIgniter\CodeIgniter->runController(Object(App\Controllers\TemperaturaController))
 8 SYSTEMPATH\CodeIgniter.php(353): CodeIgniter\CodeIgniter->handleRequest(null, Object(Config\Cache), false)
 9 FCPATH\index.php(79): CodeIgniter\CodeIgniter->run()
CRITICAL - 2023-10-12 01:34:39 --> Array to string conversion
in APPPATH\Views\temperatura_view.php on line 18.
 1 APPPATH\Views\temperatura_view.php(18): CodeIgniter\Debug\Exceptions->errorHandler(2, 'Array to string conversion', 'C:\\xampp\\htdocs\\codeigniter4-framework-844616e\\app\\Views\\temperatura_view.php', 18)
 2 SYSTEMPATH\View\View.php(226): include('C:\\xampp\\htdocs\\codeigniter4-framework-844616e\\app\\Views\\temperatura_view.php')
 3 SYSTEMPATH\View\View.php(229): CodeIgniter\View\View->CodeIgniter\View\{closure}()
 4 SYSTEMPATH\Common.php(1188): CodeIgniter\View\View->render('temperatura_view', [], true)
 5 APPPATH\Controllers\TemperaturaController.php(16): view('temperatura_view', [...])
 6 SYSTEMPATH\CodeIgniter.php(919): App\Controllers\TemperaturaController->index()
 7 SYSTEMPATH\CodeIgniter.php(494): CodeIgniter\CodeIgniter->runController(Object(App\Controllers\TemperaturaController))
 8 SYSTEMPATH\CodeIgniter.php(353): CodeIgniter\CodeIgniter->handleRequest(null, Object(Config\Cache), false)
 9 FCPATH\index.php(79): CodeIgniter\CodeIgniter->run()
CRITICAL - 2023-10-12 01:36:08 --> Array to string conversion
in APPPATH\Views\temperatura_view.php on line 18.
 1 APPPATH\Views\temperatura_view.php(18): CodeIgniter\Debug\Exceptions->errorHandler(2, 'Array to string conversion', 'C:\\xampp\\htdocs\\codeigniter4-framework-844616e\\app\\Views\\temperatura_view.php', 18)
 2 SYSTEMPATH\View\View.php(226): include('C:\\xampp\\htdocs\\codeigniter4-framework-844616e\\app\\Views\\temperatura_view.php')
 3 SYSTEMPATH\View\View.php(229): CodeIgniter\View\View->CodeIgniter\View\{closure}()
 4 SYSTEMPATH\Common.php(1188): CodeIgniter\View\View->render('temperatura_view', [], true)
 5 APPPATH\Controllers\TemperaturaController.php(16): view('temperatura_view', [...])
 6 SYSTEMPATH\CodeIgniter.php(919): App\Controllers\TemperaturaController->index()
 7 SYSTEMPATH\CodeIgniter.php(494): CodeIgniter\CodeIgniter->runController(Object(App\Controllers\TemperaturaController))
 8 SYSTEMPATH\CodeIgniter.php(353): CodeIgniter\CodeIgniter->handleRequest(null, Object(Config\Cache), false)
 9 FCPATH\index.php(79): CodeIgniter\CodeIgniter->run()
10 SYSTEMPATH\Commands\Server\rewrite.php(47): require_once('C:\\xampp\\htdocs\\codeigniter4-framework-844616e\\public\\index.php')
CRITICAL - 2023-10-12 01:36:23 --> Array to string conversion
in APPPATH\Views\temperatura_view.php on line 18.
 1 APPPATH\Views\temperatura_view.php(18): CodeIgniter\Debug\Exceptions->errorHandler(2, 'Array to string conversion', 'C:\\xampp\\htdocs\\codeigniter4-framework-844616e\\app\\Views\\temperatura_view.php', 18)
 2 SYSTEMPATH\View\View.php(226): include('C:\\xampp\\htdocs\\codeigniter4-framework-844616e\\app\\Views\\temperatura_view.php')
 3 SYSTEMPATH\View\View.php(229): CodeIgniter\View\View->CodeIgniter\View\{closure}()
 4 SYSTEMPATH\Common.php(1188): CodeIgniter\View\View->render('temperatura_view', [], true)
 5 APPPATH\Controllers\TemperaturaController.php(16): view('temperatura_view', [...])
 6 SYSTEMPATH\CodeIgniter.php(919): App\Controllers\TemperaturaController->index()
 7 SYSTEMPATH\CodeIgniter.php(494): CodeIgniter\CodeIgniter->runController(Object(App\Controllers\TemperaturaController))
 8 SYSTEMPATH\CodeIgniter.php(353): CodeIgniter\CodeIgniter->handleRequest(null, Object(Config\Cache), false)
 9 FCPATH\index.php(79): CodeIgniter\CodeIgniter->run()
10 SYSTEMPATH\Commands\Server\rewrite.php(47): require_once('C:\\xampp\\htdocs\\codeigniter4-framework-844616e\\public\\index.php')
CRITICAL - 2023-10-12 01:36:25 --> Array to string conversion
in APPPATH\Views\temperatura_view.php on line 18.
 1 APPPATH\Views\temperatura_view.php(18): CodeIgniter\Debug\Exceptions->errorHandler(2, 'Array to string conversion', 'C:\\xampp\\htdocs\\codeigniter4-framework-844616e\\app\\Views\\temperatura_view.php', 18)
 2 SYSTEMPATH\View\View.php(226): include('C:\\xampp\\htdocs\\codeigniter4-framework-844616e\\app\\Views\\temperatura_view.php')
 3 SYSTEMPATH\View\View.php(229): CodeIgniter\View\View->CodeIgniter\View\{closure}()
 4 SYSTEMPATH\Common.php(1188): CodeIgniter\View\View->render('temperatura_view', [], true)
 5 APPPATH\Controllers\TemperaturaController.php(16): view('temperatura_view', [...])
 6 SYSTEMPATH\CodeIgniter.php(919): App\Controllers\TemperaturaController->index()
 7 SYSTEMPATH\CodeIgniter.php(494): CodeIgniter\CodeIgniter->runController(Object(App\Controllers\TemperaturaController))
 8 SYSTEMPATH\CodeIgniter.php(353): CodeIgniter\CodeIgniter->handleRequest(null, Object(Config\Cache), false)
 9 FCPATH\index.php(79): CodeIgniter\CodeIgniter->run()
10 SYSTEMPATH\Commands\Server\rewrite.php(47): require_once('C:\\xampp\\htdocs\\codeigniter4-framework-844616e\\public\\index.php')
CRITICAL - 2023-10-12 01:36:25 --> Array to string conversion
in APPPATH\Views\temperatura_view.php on line 18.
 1 APPPATH\Views\temperatura_view.php(18): CodeIgniter\Debug\Exceptions->errorHandler(2, 'Array to string conversion', 'C:\\xampp\\htdocs\\codeigniter4-framework-844616e\\app\\Views\\temperatura_view.php', 18)
 2 SYSTEMPATH\View\View.php(226): include('C:\\xampp\\htdocs\\codeigniter4-framework-844616e\\app\\Views\\temperatura_view.php')
 3 SYSTEMPATH\View\View.php(229): CodeIgniter\View\View->CodeIgniter\View\{closure}()
 4 SYSTEMPATH\Common.php(1188): CodeIgniter\View\View->render('temperatura_view', [], true)
 5 APPPATH\Controllers\TemperaturaController.php(16): view('temperatura_view', [...])
 6 SYSTEMPATH\CodeIgniter.php(919): App\Controllers\TemperaturaController->index()
 7 SYSTEMPATH\CodeIgniter.php(494): CodeIgniter\CodeIgniter->runController(Object(App\Controllers\TemperaturaController))
 8 SYSTEMPATH\CodeIgniter.php(353): CodeIgniter\CodeIgniter->handleRequest(null, Object(Config\Cache), false)
 9 FCPATH\index.php(79): CodeIgniter\CodeIgniter->run()
10 SYSTEMPATH\Commands\Server\rewrite.php(47): require_once('C:\\xampp\\htdocs\\codeigniter4-framework-844616e\\public\\index.php')
CRITICAL - 2023-10-12 01:40:19 --> syntax error, unexpected token "echo"
in APPPATH\Controllers\TemperaturaController.php on line 18.
 1 SYSTEMPATH\Autoloader\Autoloader.php(285): CodeIgniter\Autoloader\Autoloader->includeFile('C:\\xampp\\htdocs\\codeigniter4-framework-844616e\\app\\Controllers\\TemperaturaController.php')
 2 SYSTEMPATH\Autoloader\Autoloader.php(263): CodeIgniter\Autoloader\Autoloader->loadInNamespace('App\\Controllers\\TemperaturaController')
 3 [internal function]: CodeIgniter\Autoloader\Autoloader->loadClass('App\\Controllers\\TemperaturaController')
 4 SYSTEMPATH\CodeIgniter.php(877): class_exists('\\App\\Controllers\\TemperaturaController', true)
 5 SYSTEMPATH\CodeIgniter.php(481): CodeIgniter\CodeIgniter->startController()
 6 SYSTEMPATH\CodeIgniter.php(353): CodeIgniter\CodeIgniter->handleRequest(null, Object(Config\Cache), false)
 7 FCPATH\index.php(79): CodeIgniter\CodeIgniter->run()
 8 SYSTEMPATH\Commands\Server\rewrite.php(47): require_once('C:\\xampp\\htdocs\\codeigniter4-framework-844616e\\public\\index.php')
CRITICAL - 2023-10-12 01:40:20 --> syntax error, unexpected token "echo"
in APPPATH\Controllers\TemperaturaController.php on line 18.
 1 SYSTEMPATH\Autoloader\Autoloader.php(285): CodeIgniter\Autoloader\Autoloader->includeFile('C:\\xampp\\htdocs\\codeigniter4-framework-844616e\\app\\Controllers\\TemperaturaController.php')
 2 SYSTEMPATH\Autoloader\Autoloader.php(263): CodeIgniter\Autoloader\Autoloader->loadInNamespace('App\\Controllers\\TemperaturaController')
 3 [internal function]: CodeIgniter\Autoloader\Autoloader->loadClass('App\\Controllers\\TemperaturaController')
 4 SYSTEMPATH\CodeIgniter.php(877): class_exists('\\App\\Controllers\\TemperaturaController', true)
 5 SYSTEMPATH\CodeIgniter.php(481): CodeIgniter\CodeIgniter->startController()
 6 SYSTEMPATH\CodeIgniter.php(353): CodeIgniter\CodeIgniter->handleRequest(null, Object(Config\Cache), false)
 7 FCPATH\index.php(79): CodeIgniter\CodeIgniter->run()
 8 SYSTEMPATH\Commands\Server\rewrite.php(47): require_once('C:\\xampp\\htdocs\\codeigniter4-framework-844616e\\public\\index.php')
CRITICAL - 2023-10-12 01:40:20 --> syntax error, unexpected token "echo"
in APPPATH\Controllers\TemperaturaController.php on line 18.
 1 SYSTEMPATH\Autoloader\Autoloader.php(285): CodeIgniter\Autoloader\Autoloader->includeFile('C:\\xampp\\htdocs\\codeigniter4-framework-844616e\\app\\Controllers\\TemperaturaController.php')
 2 SYSTEMPATH\Autoloader\Autoloader.php(263): CodeIgniter\Autoloader\Autoloader->loadInNamespace('App\\Controllers\\TemperaturaController')
 3 [internal function]: CodeIgniter\Autoloader\Autoloader->loadClass('App\\Controllers\\TemperaturaController')
 4 SYSTEMPATH\CodeIgniter.php(877): class_exists('\\App\\Controllers\\TemperaturaController', true)
 5 SYSTEMPATH\CodeIgniter.php(481): CodeIgniter\CodeIgniter->startController()
 6 SYSTEMPATH\CodeIgniter.php(353): CodeIgniter\CodeIgniter->handleRequest(null, Object(Config\Cache), false)
 7 FCPATH\index.php(79): CodeIgniter\CodeIgniter->run()
 8 SYSTEMPATH\Commands\Server\rewrite.php(47): require_once('C:\\xampp\\htdocs\\codeigniter4-framework-844616e\\public\\index.php')
CRITICAL - 2023-10-12 01:40:20 --> syntax error, unexpected token "echo"
in APPPATH\Controllers\TemperaturaController.php on line 18.
 1 SYSTEMPATH\Autoloader\Autoloader.php(285): CodeIgniter\Autoloader\Autoloader->includeFile('C:\\xampp\\htdocs\\codeigniter4-framework-844616e\\app\\Controllers\\TemperaturaController.php')
 2 SYSTEMPATH\Autoloader\Autoloader.php(263): CodeIgniter\Autoloader\Autoloader->loadInNamespace('App\\Controllers\\TemperaturaController')
 3 [internal function]: CodeIgniter\Autoloader\Autoloader->loadClass('App\\Controllers\\TemperaturaController')
 4 SYSTEMPATH\CodeIgniter.php(877): class_exists('\\App\\Controllers\\TemperaturaController', true)
 5 SYSTEMPATH\CodeIgniter.php(481): CodeIgniter\CodeIgniter->startController()
 6 SYSTEMPATH\CodeIgniter.php(353): CodeIgniter\CodeIgniter->handleRequest(null, Object(Config\Cache), false)
 7 FCPATH\index.php(79): CodeIgniter\CodeIgniter->run()
 8 SYSTEMPATH\Commands\Server\rewrite.php(47): require_once('C:\\xampp\\htdocs\\codeigniter4-framework-844616e\\public\\index.php')
CRITICAL - 2023-10-12 01:40:20 --> syntax error, unexpected token "echo"
in APPPATH\Controllers\TemperaturaController.php on line 18.
 1 SYSTEMPATH\Autoloader\Autoloader.php(285): CodeIgniter\Autoloader\Autoloader->includeFile('C:\\xampp\\htdocs\\codeigniter4-framework-844616e\\app\\Controllers\\TemperaturaController.php')
 2 SYSTEMPATH\Autoloader\Autoloader.php(263): CodeIgniter\Autoloader\Autoloader->loadInNamespace('App\\Controllers\\TemperaturaController')
 3 [internal function]: CodeIgniter\Autoloader\Autoloader->loadClass('App\\Controllers\\TemperaturaController')
 4 SYSTEMPATH\CodeIgniter.php(877): class_exists('\\App\\Controllers\\TemperaturaController', true)
 5 SYSTEMPATH\CodeIgniter.php(481): CodeIgniter\CodeIgniter->startController()
 6 SYSTEMPATH\CodeIgniter.php(353): CodeIgniter\CodeIgniter->handleRequest(null, Object(Config\Cache), false)
 7 FCPATH\index.php(79): CodeIgniter\CodeIgniter->run()
 8 SYSTEMPATH\Commands\Server\rewrite.php(47): require_once('C:\\xampp\\htdocs\\codeigniter4-framework-844616e\\public\\index.php')
CRITICAL - 2023-10-12 01:40:20 --> syntax error, unexpected token "echo"
in APPPATH\Controllers\TemperaturaController.php on line 18.
 1 SYSTEMPATH\Autoloader\Autoloader.php(285): CodeIgniter\Autoloader\Autoloader->includeFile('C:\\xampp\\htdocs\\codeigniter4-framework-844616e\\app\\Controllers\\TemperaturaController.php')
 2 SYSTEMPATH\Autoloader\Autoloader.php(263): CodeIgniter\Autoloader\Autoloader->loadInNamespace('App\\Controllers\\TemperaturaController')
 3 [internal function]: CodeIgniter\Autoloader\Autoloader->loadClass('App\\Controllers\\TemperaturaController')
 4 SYSTEMPATH\CodeIgniter.php(877): class_exists('\\App\\Controllers\\TemperaturaController', true)
 5 SYSTEMPATH\CodeIgniter.php(481): CodeIgniter\CodeIgniter->startController()
 6 SYSTEMPATH\CodeIgniter.php(353): CodeIgniter\CodeIgniter->handleRequest(null, Object(Config\Cache), false)
 7 FCPATH\index.php(79): CodeIgniter\CodeIgniter->run()
 8 SYSTEMPATH\Commands\Server\rewrite.php(47): require_once('C:\\xampp\\htdocs\\codeigniter4-framework-844616e\\public\\index.php')
CRITICAL - 2023-10-12 01:40:20 --> syntax error, unexpected token "echo"
in APPPATH\Controllers\TemperaturaController.php on line 18.
 1 SYSTEMPATH\Autoloader\Autoloader.php(285): CodeIgniter\Autoloader\Autoloader->includeFile('C:\\xampp\\htdocs\\codeigniter4-framework-844616e\\app\\Controllers\\TemperaturaController.php')
 2 SYSTEMPATH\Autoloader\Autoloader.php(263): CodeIgniter\Autoloader\Autoloader->loadInNamespace('App\\Controllers\\TemperaturaController')
 3 [internal function]: CodeIgniter\Autoloader\Autoloader->loadClass('App\\Controllers\\TemperaturaController')
 4 SYSTEMPATH\CodeIgniter.php(877): class_exists('\\App\\Controllers\\TemperaturaController', true)
 5 SYSTEMPATH\CodeIgniter.php(481): CodeIgniter\CodeIgniter->startController()
 6 SYSTEMPATH\CodeIgniter.php(353): CodeIgniter\CodeIgniter->handleRequest(null, Object(Config\Cache), false)
 7 FCPATH\index.php(79): CodeIgniter\CodeIgniter->run()
 8 SYSTEMPATH\Commands\Server\rewrite.php(47): require_once('C:\\xampp\\htdocs\\codeigniter4-framework-844616e\\public\\index.php')
CRITICAL - 2023-10-12 01:40:20 --> syntax error, unexpected token "echo"
in APPPATH\Controllers\TemperaturaController.php on line 18.
 1 SYSTEMPATH\Autoloader\Autoloader.php(285): CodeIgniter\Autoloader\Autoloader->includeFile('C:\\xampp\\htdocs\\codeigniter4-framework-844616e\\app\\Controllers\\TemperaturaController.php')
 2 SYSTEMPATH\Autoloader\Autoloader.php(263): CodeIgniter\Autoloader\Autoloader->loadInNamespace('App\\Controllers\\TemperaturaController')
 3 [internal function]: CodeIgniter\Autoloader\Autoloader->loadClass('App\\Controllers\\TemperaturaController')
 4 SYSTEMPATH\CodeIgniter.php(877): class_exists('\\App\\Controllers\\TemperaturaController', true)
 5 SYSTEMPATH\CodeIgniter.php(481): CodeIgniter\CodeIgniter->startController()
 6 SYSTEMPATH\CodeIgniter.php(353): CodeIgniter\CodeIgniter->handleRequest(null, Object(Config\Cache), false)
 7 FCPATH\index.php(79): CodeIgniter\CodeIgniter->run()
 8 SYSTEMPATH\Commands\Server\rewrite.php(47): require_once('C:\\xampp\\htdocs\\codeigniter4-framework-844616e\\public\\index.php')
CRITICAL - 2023-10-12 01:40:21 --> syntax error, unexpected token "echo"
in APPPATH\Controllers\TemperaturaController.php on line 18.
 1 SYSTEMPATH\Autoloader\Autoloader.php(285): CodeIgniter\Autoloader\Autoloader->includeFile('C:\\xampp\\htdocs\\codeigniter4-framework-844616e\\app\\Controllers\\TemperaturaController.php')
 2 SYSTEMPATH\Autoloader\Autoloader.php(263): CodeIgniter\Autoloader\Autoloader->loadInNamespace('App\\Controllers\\TemperaturaController')
 3 [internal function]: CodeIgniter\Autoloader\Autoloader->loadClass('App\\Controllers\\TemperaturaController')
 4 SYSTEMPATH\CodeIgniter.php(877): class_exists('\\App\\Controllers\\TemperaturaController', true)
 5 SYSTEMPATH\CodeIgniter.php(481): CodeIgniter\CodeIgniter->startController()
 6 SYSTEMPATH\CodeIgniter.php(353): CodeIgniter\CodeIgniter->handleRequest(null, Object(Config\Cache), false)
 7 FCPATH\index.php(79): CodeIgniter\CodeIgniter->run()
 8 SYSTEMPATH\Commands\Server\rewrite.php(47): require_once('C:\\xampp\\htdocs\\codeigniter4-framework-844616e\\public\\index.php')
CRITICAL - 2023-10-12 01:56:08 --> Undefined variable $data
in APPPATH\Controllers\TemperaturaController.php on line 15.
 1 APPPATH\Controllers\TemperaturaController.php(15): CodeIgniter\Debug\Exceptions->errorHandler(2, 'Undefined variable $data', 'C:\\xampp\\htdocs\\codeigniter4-framework-844616e\\app\\Controllers\\TemperaturaController.php', 15)
 2 SYSTEMPATH\CodeIgniter.php(919): App\Controllers\TemperaturaController->index()
 3 SYSTEMPATH\CodeIgniter.php(494): CodeIgniter\CodeIgniter->runController(Object(App\Controllers\TemperaturaController))
 4 SYSTEMPATH\CodeIgniter.php(353): CodeIgniter\CodeIgniter->handleRequest(null, Object(Config\Cache), false)
 5 FCPATH\index.php(79): CodeIgniter\CodeIgniter->run()
 6 SYSTEMPATH\Commands\Server\rewrite.php(47): require_once('C:\\xampp\\htdocs\\codeigniter4-framework-844616e\\public\\index.php')
CRITICAL - 2023-10-12 01:56:08 --> Undefined variable $data
in APPPATH\Controllers\TemperaturaController.php on line 15.
 1 APPPATH\Controllers\TemperaturaController.php(15): CodeIgniter\Debug\Exceptions->errorHandler(2, 'Undefined variable $data', 'C:\\xampp\\htdocs\\codeigniter4-framework-844616e\\app\\Controllers\\TemperaturaController.php', 15)
 2 SYSTEMPATH\CodeIgniter.php(919): App\Controllers\TemperaturaController->index()
 3 SYSTEMPATH\CodeIgniter.php(494): CodeIgniter\CodeIgniter->runController(Object(App\Controllers\TemperaturaController))
 4 SYSTEMPATH\CodeIgniter.php(353): CodeIgniter\CodeIgniter->handleRequest(null, Object(Config\Cache), false)
 5 FCPATH\index.php(79): CodeIgniter\CodeIgniter->run()
 6 SYSTEMPATH\Commands\Server\rewrite.php(47): require_once('C:\\xampp\\htdocs\\codeigniter4-framework-844616e\\public\\index.php')
CRITICAL - 2023-10-12 01:56:29 --> Undefined variable $data
in APPPATH\Controllers\TemperaturaController.php on line 15.
 1 APPPATH\Controllers\TemperaturaController.php(15): CodeIgniter\Debug\Exceptions->errorHandler(2, 'Undefined variable $data', 'C:\\xampp\\htdocs\\codeigniter4-framework-844616e\\app\\Controllers\\TemperaturaController.php', 15)
 2 SYSTEMPATH\CodeIgniter.php(919): App\Controllers\TemperaturaController->index()
 3 SYSTEMPATH\CodeIgniter.php(494): CodeIgniter\CodeIgniter->runController(Object(App\Controllers\TemperaturaController))
 4 SYSTEMPATH\CodeIgniter.php(353): CodeIgniter\CodeIgniter->handleRequest(null, Object(Config\Cache), false)
 5 FCPATH\index.php(79): CodeIgniter\CodeIgniter->run()
 6 SYSTEMPATH\Commands\Server\rewrite.php(47): require_once('C:\\xampp\\htdocs\\codeigniter4-framework-844616e\\public\\index.php')
CRITICAL - 2023-10-12 01:56:56 --> Undefined variable $data
in APPPATH\Controllers\TemperaturaController.php on line 15.
 1 APPPATH\Controllers\TemperaturaController.php(15): CodeIgniter\Debug\Exceptions->errorHandler(2, 'Undefined variable $data', 'C:\\xampp\\htdocs\\codeigniter4-framework-844616e\\app\\Controllers\\TemperaturaController.php', 15)
 2 SYSTEMPATH\CodeIgniter.php(919): App\Controllers\TemperaturaController->index()
 3 SYSTEMPATH\CodeIgniter.php(494): CodeIgniter\CodeIgniter->runController(Object(App\Controllers\TemperaturaController))
 4 SYSTEMPATH\CodeIgniter.php(353): CodeIgniter\CodeIgniter->handleRequest(null, Object(Config\Cache), false)
 5 FCPATH\index.php(79): CodeIgniter\CodeIgniter->run()
 6 SYSTEMPATH\Commands\Server\rewrite.php(47): require_once('C:\\xampp\\htdocs\\codeigniter4-framework-844616e\\public\\index.php')
CRITICAL - 2023-10-12 02:05:31 --> Call to undefined method App\Models\Modelo_Temperatura::mostrar_temperatura
in SYSTEMPATH\Model.php on line 873.
 1 APPPATH\Controllers\TemperaturaController.php(13): CodeIgniter\Model->__call('mostrar_temperatura', [])
 2 SYSTEMPATH\CodeIgniter.php(919): App\Controllers\TemperaturaController->index()
 3 SYSTEMPATH\CodeIgniter.php(494): CodeIgniter\CodeIgniter->runController(Object(App\Controllers\TemperaturaController))
 4 SYSTEMPATH\CodeIgniter.php(353): CodeIgniter\CodeIgniter->handleRequest(null, Object(Config\Cache), false)
 5 FCPATH\index.php(79): CodeIgniter\CodeIgniter->run()
 6 SYSTEMPATH\Commands\Server\rewrite.php(47): require_once('C:\\xampp\\htdocs\\codeigniter4-framework-844616e\\public\\index.php')
CRITICAL - 2023-10-12 02:06:05 --> Call to undefined method App\Models\Modelo_Temperatura::mostrar_temperatura
in SYSTEMPATH\Model.php on line 873.
 1 APPPATH\Controllers\TemperaturaController.php(13): CodeIgniter\Model->__call('mostrar_temperatura', [])
 2 SYSTEMPATH\CodeIgniter.php(919): App\Controllers\TemperaturaController->index()
 3 SYSTEMPATH\CodeIgniter.php(494): CodeIgniter\CodeIgniter->runController(Object(App\Controllers\TemperaturaController))
 4 SYSTEMPATH\CodeIgniter.php(353): CodeIgniter\CodeIgniter->handleRequest(null, Object(Config\Cache), false)
 5 FCPATH\index.php(79): CodeIgniter\CodeIgniter->run()
 6 SYSTEMPATH\Commands\Server\rewrite.php(47): require_once('C:\\xampp\\htdocs\\codeigniter4-framework-844616e\\public\\index.php')
CRITICAL - 2023-10-12 02:06:38 --> Call to undefined method App\Models\Modelo_Temperatura::temperatura_view
in SYSTEMPATH\Model.php on line 873.
 1 APPPATH\Controllers\TemperaturaController.php(13): CodeIgniter\Model->__call('temperatura_view', [])
 2 SYSTEMPATH\CodeIgniter.php(919): App\Controllers\TemperaturaController->index()
 3 SYSTEMPATH\CodeIgniter.php(494): CodeIgniter\CodeIgniter->runController(Object(App\Controllers\TemperaturaController))
 4 SYSTEMPATH\CodeIgniter.php(353): CodeIgniter\CodeIgniter->handleRequest(null, Object(Config\Cache), false)
 5 FCPATH\index.php(79): CodeIgniter\CodeIgniter->run()
 6 SYSTEMPATH\Commands\Server\rewrite.php(47): require_once('C:\\xampp\\htdocs\\codeigniter4-framework-844616e\\public\\index.php')
CRITICAL - 2023-10-12 02:07:00 --> Call to undefined method App\Models\Modelo_Temperatura::mostrar_temperatura
in SYSTEMPATH\Model.php on line 873.
 1 APPPATH\Controllers\TemperaturaController.php(13): CodeIgniter\Model->__call('mostrar_temperatura', [])
 2 SYSTEMPATH\CodeIgniter.php(919): App\Controllers\TemperaturaController->index()
 3 SYSTEMPATH\CodeIgniter.php(494): CodeIgniter\CodeIgniter->runController(Object(App\Controllers\TemperaturaController))
 4 SYSTEMPATH\CodeIgniter.php(353): CodeIgniter\CodeIgniter->handleRequest(null, Object(Config\Cache), false)
 5 FCPATH\index.php(79): CodeIgniter\CodeIgniter->run()
 6 SYSTEMPATH\Commands\Server\rewrite.php(47): require_once('C:\\xampp\\htdocs\\codeigniter4-framework-844616e\\public\\index.php')
CRITICAL - 2023-10-12 02:10:55 --> syntax error, unexpected token ">"
in APPPATH\Views\temperatura_view.php on line 6.
 1 SYSTEMPATH\View\View.php(229): CodeIgniter\View\View->CodeIgniter\View\{closure}()
 2 SYSTEMPATH\Common.php(1188): CodeIgniter\View\View->render('temperatura_view', [], true)
 3 APPPATH\Controllers\TemperaturaController.php(16): view('temperatura_view', [...])
 4 SYSTEMPATH\CodeIgniter.php(919): App\Controllers\TemperaturaController->index()
 5 SYSTEMPATH\CodeIgniter.php(494): CodeIgniter\CodeIgniter->runController(Object(App\Controllers\TemperaturaController))
 6 SYSTEMPATH\CodeIgniter.php(353): CodeIgniter\CodeIgniter->handleRequest(null, Object(Config\Cache), false)
 7 FCPATH\index.php(79): CodeIgniter\CodeIgniter->run()
 8 SYSTEMPATH\Commands\Server\rewrite.php(47): require_once('C:\\xampp\\htdocs\\codeigniter4-framework-844616e\\public\\index.php')
CRITICAL - 2023-10-12 02:11:33 --> Call to undefined method App\Models\Modelo_Temperatura::obtenerTemperaturas
in SYSTEMPATH\Model.php on line 873.
 1 APPPATH\Controllers\TemperaturaController.php(13): CodeIgniter\Model->__call('obtenerTemperaturas', [])
 2 SYSTEMPATH\CodeIgniter.php(919): App\Controllers\TemperaturaController->index()
 3 SYSTEMPATH\CodeIgniter.php(494): CodeIgniter\CodeIgniter->runController(Object(App\Controllers\TemperaturaController))
 4 SYSTEMPATH\CodeIgniter.php(353): CodeIgniter\CodeIgniter->handleRequest(null, Object(Config\Cache), false)
 5 FCPATH\index.php(79): CodeIgniter\CodeIgniter->run()
 6 SYSTEMPATH\Commands\Server\rewrite.php(47): require_once('C:\\xampp\\htdocs\\codeigniter4-framework-844616e\\public\\index.php')
CRITICAL - 2023-10-12 02:14:57 --> syntax error, unexpected token "public", expecting end of file
in APPPATH\Models\Modelo_Temperatura.php on line 6.
 1 SYSTEMPATH\Autoloader\Autoloader.php(285): CodeIgniter\Autoloader\Autoloader->includeFile('C:\\xampp\\htdocs\\codeigniter4-framework-844616e\\app\\Models\\Modelo_Temperatura.php')
 2 SYSTEMPATH\Autoloader\Autoloader.php(263): CodeIgniter\Autoloader\Autoloader->loadInNamespace('App\\Models\\Modelo_Temperatura')
 3 APPPATH\Controllers\TemperaturaController.php(12): CodeIgniter\Autoloader\Autoloader->loadClass('App\\Models\\Modelo_Temperatura')
 4 SYSTEMPATH\CodeIgniter.php(919): App\Controllers\TemperaturaController->index()
 5 SYSTEMPATH\CodeIgniter.php(494): CodeIgniter\CodeIgniter->runController(Object(App\Controllers\TemperaturaController))
 6 SYSTEMPATH\CodeIgniter.php(353): CodeIgniter\CodeIgniter->handleRequest(null, Object(Config\Cache), false)
 7 FCPATH\index.php(79): CodeIgniter\CodeIgniter->run()
 8 SYSTEMPATH\Commands\Server\rewrite.php(47): require_once('C:\\xampp\\htdocs\\codeigniter4-framework-844616e\\public\\index.php')
CRITICAL - 2023-10-12 02:15:41 --> You must set the database table to be used with your query.
in SYSTEMPATH\Database\BaseConnection.php on line 883.
 1 SYSTEMPATH\Model.php(635): CodeIgniter\Database\BaseConnection->table(null)
 2 SYSTEMPATH\Model.php(863): CodeIgniter\Model->builder()
 3 APPPATH\Controllers\TemperaturaController.php(13): CodeIgniter\Model->__call('obtenerTemperaturas', [])
 4 SYSTEMPATH\CodeIgniter.php(919): App\Controllers\TemperaturaController->index()
 5 SYSTEMPATH\CodeIgniter.php(494): CodeIgniter\CodeIgniter->runController(Object(App\Controllers\TemperaturaController))
 6 SYSTEMPATH\CodeIgniter.php(353): CodeIgniter\CodeIgniter->handleRequest(null, Object(Config\Cache), false)
 7 FCPATH\index.php(79): CodeIgniter\CodeIgniter->run()
 8 SYSTEMPATH\Commands\Server\rewrite.php(47): require_once('C:\\xampp\\htdocs\\codeigniter4-framework-844616e\\public\\index.php')
CRITICAL - 2023-10-12 02:16:16 --> You must set the database table to be used with your query.
in SYSTEMPATH\Database\BaseConnection.php on line 883.
 1 SYSTEMPATH\Model.php(635): CodeIgniter\Database\BaseConnection->table(null)
 2 SYSTEMPATH\Model.php(863): CodeIgniter\Model->builder()
 3 APPPATH\Controllers\TemperaturaController.php(13): CodeIgniter\Model->__call('obtenerTemperaturas', [])
 4 SYSTEMPATH\CodeIgniter.php(919): App\Controllers\TemperaturaController->index()
 5 SYSTEMPATH\CodeIgniter.php(494): CodeIgniter\CodeIgniter->runController(Object(App\Controllers\TemperaturaController))
 6 SYSTEMPATH\CodeIgniter.php(353): CodeIgniter\CodeIgniter->handleRequest(null, Object(Config\Cache), false)
 7 FCPATH\index.php(79): CodeIgniter\CodeIgniter->run()
 8 SYSTEMPATH\Commands\Server\rewrite.php(47): require_once('C:\\xampp\\htdocs\\codeigniter4-framework-844616e\\public\\index.php')
CRITICAL - 2023-10-12 02:16:41 --> You must set the database table to be used with your query.
in SYSTEMPATH\Database\BaseConnection.php on line 883.
 1 SYSTEMPATH\Model.php(635): CodeIgniter\Database\BaseConnection->table(null)
 2 SYSTEMPATH\Model.php(863): CodeIgniter\Model->builder()
 3 APPPATH\Controllers\TemperaturaController.php(13): CodeIgniter\Model->__call('obtenerTemperaturas', [])
 4 SYSTEMPATH\CodeIgniter.php(919): App\Controllers\TemperaturaController->index()
 5 SYSTEMPATH\CodeIgniter.php(494): CodeIgniter\CodeIgniter->runController(Object(App\Controllers\TemperaturaController))
 6 SYSTEMPATH\CodeIgniter.php(353): CodeIgniter\CodeIgniter->handleRequest(null, Object(Config\Cache), false)
 7 FCPATH\index.php(79): CodeIgniter\CodeIgniter->run()
 8 SYSTEMPATH\Commands\Server\rewrite.php(47): require_once('C:\\xampp\\htdocs\\codeigniter4-framework-844616e\\public\\index.php')
CRITICAL - 2023-10-12 02:18:15 --> Call to undefined method App\Models\Modelo_Temperatura::obtenerTemperaturas
in SYSTEMPATH\Model.php on line 873.
 1 APPPATH\Controllers\TemperaturaController.php(13): CodeIgniter\Model->__call('obtenerTemperaturas', [])
 2 SYSTEMPATH\CodeIgniter.php(919): App\Controllers\TemperaturaController->index()
 3 SYSTEMPATH\CodeIgniter.php(494): CodeIgniter\CodeIgniter->runController(Object(App\Controllers\TemperaturaController))
 4 SYSTEMPATH\CodeIgniter.php(353): CodeIgniter\CodeIgniter->handleRequest(null, Object(Config\Cache), false)
 5 FCPATH\index.php(79): CodeIgniter\CodeIgniter->run()
 6 SYSTEMPATH\Commands\Server\rewrite.php(47): require_once('C:\\xampp\\htdocs\\codeigniter4-framework-844616e\\public\\index.php')
CRITICAL - 2023-10-12 02:20:26 --> Cannot declare class App\Controllers\TemperaturaController, because the name is already in use
in APPPATH\Models\Modelo_Temperatura.php on line 7.
 1 [internal function]: CodeIgniter\Debug\Exceptions->shutdownHandler()
CRITICAL - 2023-10-12 02:21:52 --> Cannot declare class App\Controllers\TemperaturaController, because the name is already in use
in APPPATH\Models\Modelo_Temperatura.php on line 7.
 1 [internal function]: CodeIgniter\Debug\Exceptions->shutdownHandler()
CRITICAL - 2023-10-12 02:21:59 --> Cannot declare class App\Controllers\TemperaturaController, because the name is already in use
in APPPATH\Models\Modelo_Temperatura.php on line 7.
 1 [internal function]: CodeIgniter\Debug\Exceptions->shutdownHandler()
CRITICAL - 2023-10-12 02:23:35 --> Cannot declare class App\Controllers\TemperaturaController, because the name is already in use
in APPPATH\Models\Modelo_Temperatura.php on line 8.
 1 [internal function]: CodeIgniter\Debug\Exceptions->shutdownHandler()
CRITICAL - 2023-10-12 02:24:32 --> Cannot declare class App\Controllers\TemperaturaController, because the name is already in use
in APPPATH\Models\Modelo_Temperatura.php on line 8.
 1 [internal function]: CodeIgniter\Debug\Exceptions->shutdownHandler()
CRITICAL - 2023-10-12 02:26:36 --> Call to undefined method App\Models\Modelo_Temperatura::obtenerTemperaturas
in SYSTEMPATH\Model.php on line 873.
 1 APPPATH\Controllers\TemperaturaController.php(13): CodeIgniter\Model->__call('obtenerTemperaturas', [])
 2 SYSTEMPATH\CodeIgniter.php(919): App\Controllers\TemperaturaController->index()
 3 SYSTEMPATH\CodeIgniter.php(494): CodeIgniter\CodeIgniter->runController(Object(App\Controllers\TemperaturaController))
 4 SYSTEMPATH\CodeIgniter.php(353): CodeIgniter\CodeIgniter->handleRequest(null, Object(Config\Cache), false)
 5 FCPATH\index.php(79): CodeIgniter\CodeIgniter->run()
 6 SYSTEMPATH\Commands\Server\rewrite.php(47): require_once('C:\\xampp\\htdocs\\codeigniter4-framework-844616e\\public\\index.php')
CRITICAL - 2023-10-12 02:29:02 --> Call to undefined method App\Models\Modelo_Temperatura::obtenerTemperaturas
in SYSTEMPATH\Model.php on line 873.
 1 APPPATH\Controllers\TemperaturaController.php(13): CodeIgniter\Model->__call('obtenerTemperaturas', [])
 2 SYSTEMPATH\CodeIgniter.php(919): App\Controllers\TemperaturaController->index()
 3 SYSTEMPATH\CodeIgniter.php(494): CodeIgniter\CodeIgniter->runController(Object(App\Controllers\TemperaturaController))
 4 SYSTEMPATH\CodeIgniter.php(353): CodeIgniter\CodeIgniter->handleRequest(null, Object(Config\Cache), false)
 5 FCPATH\index.php(79): CodeIgniter\CodeIgniter->run()
 6 SYSTEMPATH\Commands\Server\rewrite.php(47): require_once('C:\\xampp\\htdocs\\codeigniter4-framework-844616e\\public\\index.php')
ERROR - 2023-10-12 22:48:04 --> mysqli_sql_exception: Table 'api.temperatura' doesn't exist in C:\xampp\htdocs\codeigniter4-framework-844616e\system\Database\MySQLi\Connection.php:306
Stack trace:
#0 C:\xampp\htdocs\codeigniter4-framework-844616e\system\Database\MySQLi\Connection.php(306): mysqli->query('SELECT *\nFROM `...', 0)
#1 C:\xampp\htdocs\codeigniter4-framework-844616e\system\Database\BaseConnection.php(692): CodeIgniter\Database\MySQLi\Connection->execute('SELECT *\nFROM `...')
#2 C:\xampp\htdocs\codeigniter4-framework-844616e\system\Database\BaseConnection.php(606): CodeIgniter\Database\BaseConnection->simpleQuery('SELECT *\nFROM `...')
#3 C:\xampp\htdocs\codeigniter4-framework-844616e\system\Database\BaseBuilder.php(1615): CodeIgniter\Database\BaseConnection->query('SELECT *\nFROM `...', Array, false)
#4 C:\xampp\htdocs\codeigniter4-framework-844616e\app\Models\Modelo_Temperatura.php(18): CodeIgniter\Database\BaseBuilder->get()
#5 C:\xampp\htdocs\codeigniter4-framework-844616e\app\Controllers\TemperaturaController.php(12): App\Models\Modelo_Temperatura->obtenerTemperaturas()
#6 C:\xampp\htdocs\codeigniter4-framework-844616e\system\CodeIgniter.php(919): App\Controllers\TemperaturaController->index()
#7 C:\xampp\htdocs\codeigniter4-framework-844616e\system\CodeIgniter.php(494): CodeIgniter\CodeIgniter->runController(Object(App\Controllers\TemperaturaController))
#8 C:\xampp\htdocs\codeigniter4-framework-844616e\system\CodeIgniter.php(353): CodeIgniter\CodeIgniter->handleRequest(NULL, Object(Config\Cache), false)
#9 C:\xampp\htdocs\codeigniter4-framework-844616e\public\index.php(79): CodeIgniter\CodeIgniter->run()
#10 C:\xampp\htdocs\codeigniter4-framework-844616e\system\Commands\Server\rewrite.php(47): require_once('C:\\xampp\\htdocs...')
#11 {main}
CRITICAL - 2023-10-12 22:48:04 --> Table 'api.temperatura' doesn't exist
in SYSTEMPATH\Database\BaseConnection.php on line 646.
 1 SYSTEMPATH\Database\BaseBuilder.php(1615): CodeIgniter\Database\BaseConnection->query('SELECT *
FROM `TEMPERATURA`
ORDER BY `id` DESC', [], false)
 2 APPPATH\Models\Modelo_Temperatura.php(18): CodeIgniter\Database\BaseBuilder->get()
 3 APPPATH\Controllers\TemperaturaController.php(12): App\Models\Modelo_Temperatura->obtenerTemperaturas()
 4 SYSTEMPATH\CodeIgniter.php(919): App\Controllers\TemperaturaController->index()
 5 SYSTEMPATH\CodeIgniter.php(494): CodeIgniter\CodeIgniter->runController(Object(App\Controllers\TemperaturaController))
 6 SYSTEMPATH\CodeIgniter.php(353): CodeIgniter\CodeIgniter->handleRequest(null, Object(Config\Cache), false)
 7 FCPATH\index.php(79): CodeIgniter\CodeIgniter->run()
 8 SYSTEMPATH\Commands\Server\rewrite.php(47): require_once('C:\\xampp\\htdocs\\codeigniter4-framework-844616e\\public\\index.php')
